This is pdfTeX, Version 3.14159265-2.6-1.40.16 (TeX Live 2015) (preloaded format=pdflatex 2015.5.24)  18 FEB 2016 22:07
entering extended mode
 restricted \write18 enabled.
 %&-line parsing enabled.
**cluster.tex
(./cluster.tex
LaTeX2e <2015/01/01>
Babel <3.9l> and hyphenation patterns for 79 languages loaded.
(/usr/local/texlive/2015/texmf-dist/tex/latex/base/article.cls
Document Class: article 2014/09/29 v1.4h Standard LaTeX document class
(/usr/local/texlive/2015/texmf-dist/tex/latex/base/size10.clo
File: size10.clo 2014/09/29 v1.4h Standard LaTeX file (size option)
)
\c@part=\count79
\c@section=\count80
\c@subsection=\count81
\c@subsubsection=\count82
\c@paragraph=\count83
\c@subparagraph=\count84
\c@figure=\count85
\c@table=\count86
\abovecaptionskip=\skip41
\belowcaptionskip=\skip42
\bibindent=\dimen102
)
(/usr/local/texlive/2015/texmf-dist/tex/latex/csquotes/csquotes.sty
Package: csquotes 2015/04/15 v5.1e context-sensitive quotations (JAW)

(/usr/local/texlive/2015/texmf-dist/tex/latex/etoolbox/etoolbox.sty
Package: etoolbox 2015/05/04 v2.2 e-TeX tools for LaTeX (JAW)
\etb@tempcnta=\count87
)
(/usr/local/texlive/2015/texmf-dist/tex/latex/graphics/keyval.sty
Package: keyval 2014/10/28 v1.15 key=value parser (DPC)
\KV@toks@=\toks14
)
\csq@reset=\count88
\csq@gtype=\count89
\csq@glevel=\count90
\csq@qlevel=\count91
\csq@maxlvl=\count92
\csq@tshold=\count93
\csq@ltx@everypar=\toks15

(/usr/local/texlive/2015/texmf-dist/tex/latex/csquotes/csquotes.def
File: csquotes.def 2015/04/15 v5.1e csquotes generic definitions (JAW)
)
Package csquotes Info: Trying to load configuration file 'csquotes.cfg'...
Package csquotes Info: ... configuration file loaded successfully.

(/usr/local/texlive/2015/texmf-dist/tex/latex/csquotes/csquotes.cfg
File: csquotes.cfg 
))
(/usr/local/texlive/2015/texmf-dist/tex/latex/listings/listings.sty
\lst@mode=\count94
\lst@gtempboxa=\box26
\lst@token=\toks16
\lst@length=\count95
\lst@currlwidth=\dimen103
\lst@column=\count96
\lst@pos=\count97
\lst@lostspace=\dimen104
\lst@width=\dimen105
\lst@newlines=\count98
\lst@lineno=\count99
\lst@maxwidth=\dimen106

(/usr/local/texlive/2015/texmf-dist/tex/latex/listings/lstmisc.sty
File: lstmisc.sty 2014/09/06 1.5e (Carsten Heinz)
\c@lstnumber=\count100
\lst@skipnumbers=\count101
\lst@framebox=\box27
)
(/usr/local/texlive/2015/texmf-dist/tex/latex/listings/listings.cfg
File: listings.cfg 2014/09/06 1.5e listings configuration
))
Package: listings 2014/09/06 1.5e (Carsten Heinz)
Package csquotes Info: Checking for multilingual support...
Package csquotes Info: ... none found.

No file cluster.aux.
\openout1 = `cluster.aux'.

LaTeX Font Info:    Checking defaults for OML/cmm/m/it on input line 10.
LaTeX Font Info:    ... okay on input line 10.
LaTeX Font Info:    Checking defaults for T1/cmr/m/n on input line 10.
LaTeX Font Info:    ... okay on input line 10.
LaTeX Font Info:    Checking defaults for OT1/cmr/m/n on input line 10.
LaTeX Font Info:    ... okay on input line 10.
LaTeX Font Info:    Checking defaults for OMS/cmsy/m/n on input line 10.
LaTeX Font Info:    ... okay on input line 10.
LaTeX Font Info:    Checking defaults for OMX/cmex/m/n on input line 10.
LaTeX Font Info:    ... okay on input line 10.
LaTeX Font Info:    Checking defaults for U/cmr/m/n on input line 10.
LaTeX Font Info:    ... okay on input line 10.
\c@lstlisting=\count102
LaTeX Font Info:    External font `cmex10' loaded for size
(Font)              <12> on input line 12.
LaTeX Font Info:    External font `cmex10' loaded for size
(Font)              <8> on input line 12.
LaTeX Font Info:    External font `cmex10' loaded for size
(Font)              <6> on input line 12.

Underfull \hbox (badness 10000) in paragraph at lines 15--27

 []

[1

{/usr/local/texlive/2015/texmf-var/fonts/map/pdftex/updmap/pdftex.map}]
No file cluster.toc.
\tf@toc=\write3
\openout3 = `cluster.toc'.

[2]
LaTeX Font Info:    External font `cmex10' loaded for size
(Font)              <7> on input line 48.
LaTeX Font Info:    External font `cmex10' loaded for size
(Font)              <5> on input line 48.
LaTeX Font Info:    Try loading font information for OMS+cmr on input line 57.
 (/usr/local/texlive/2015/texmf-dist/tex/latex/base/omscmr.fd
File: omscmr.fd 2014/09/29 v2.5h Standard LaTeX font definitions
)
LaTeX Font Info:    Font shape `OMS/cmr/m/n' in size <10> not available
(Font)              Font shape `OMS/cmsy/m/n' tried instead on input line 57.
 [3]
Underfull \hbox (badness 10000) in paragraph at lines 81--84

 []


Underfull \hbox (badness 10000) in paragraph at lines 94--110

 []

[4] [5] (/usr/local/texlive/2015/texmf-dist/tex/latex/listings/lstlang1.sty
File: lstlang1.sty 2014/09/06 1.5e listings language file
)
(/usr/local/texlive/2015/texmf-dist/tex/latex/listings/lstlang1.sty
File: lstlang1.sty 2014/09/06 1.5e listings language file
)
Overfull \hbox (123.00476pt too wide) in paragraph at lines 159--160
[][][][][][][][][][][][] 
 []


Overfull \hbox (129.00482pt too wide) in paragraph at lines 160--161
[][][][][][][][][][][][] 
 []


Overfull \hbox (111.00464pt too wide) in paragraph at lines 168--169
[][][][][][][][][][] 
 []

[6]
Overfull \hbox (339.00696pt too wide) in paragraph at lines 186--187
[][][][][][][][][][][][][][][][][][][][][][] 
 []


Overfull \hbox (351.00708pt too wide) in paragraph at lines 187--188
[][][][][][][][][][][][][][][][][][][][][][] 
 []


Overfull \hbox (387.00745pt too wide) in paragraph at lines 188--189
[][][][][][][][][][][][][][][][][][][][][][][] 
 []


Underfull \hbox (badness 10000) in paragraph at lines 193--205

 []


Overfull \hbox (423.00781pt too wide) in paragraph at lines 209--210
[][][][][][][][][][][][][][][][][][][][][][][][][][] 
 []


Underfull \hbox (badness 10000) in paragraph at lines 213--218

 []

[7]
Underfull \hbox (badness 10000) in paragraph at lines 220--227

 []


Overfull \hbox (117.0047pt too wide) in paragraph at lines 237--238
[][][][][][] 
 []


Overfull \hbox (411.00769pt too wide) in paragraph at lines 238--239
[][][][][][][][][][][][][][][][][][][] 
 []


Overfull \hbox (393.0075pt too wide) in paragraph at lines 239--240
[][][][][][][][][][][][][][] 
 []


Overfull \hbox (297.00653pt too wide) in paragraph at lines 240--241
[][][][][][][][][][][][][][] 
 []


Overfull \hbox (231.00586pt too wide) in paragraph at lines 246--247
[][][][][][][][][] 
 []


Overfull \hbox (333.0069pt too wide) in paragraph at lines 256--257
[][][][][][][][][][][][] 
 []

[8]
Overfull \hbox (495.00854pt too wide) in paragraph at lines 268--269
[][][][][][][][][][][][][][][][][] 
 []


Overfull \hbox (489.00848pt too wide) in paragraph at lines 269--270
[][][][][][][][][][][][][][][][][][][][] 
 []


Overfull \hbox (669.01031pt too wide) in paragraph at lines 270--271
[][][][][][][][][][][][][][][][][][][][][][][] 
 []


Overfull \hbox (387.00745pt too wide) in paragraph at lines 284--285
[][][][][][] 
 []


Overfull \hbox (423.00781pt too wide) in paragraph at lines 289--290
[][][][][][][][] 
 []


Overfull \hbox (603.00964pt too wide) in paragraph at lines 302--303
[][][][][][][][][][][][][][][][][][][] 
 []

[9]
Overfull \hbox (597.00958pt too wide) in paragraph at lines 303--304
[][][][][][][][][][][][][][][][][][][][][][] 
 []


Overfull \hbox (435.00793pt too wide) in paragraph at lines 304--305
[][][][][][][][] 
 []


Overfull \hbox (621.00983pt too wide) in paragraph at lines 305--306
[][][][][][][][][][][][][][][][][][][][][][] 
 []


Overfull \hbox (537.00897pt too wide) in paragraph at lines 314--315
[][][][][][][][][][][][][][] 
 []


Overfull \hbox (447.00806pt too wide) in paragraph at lines 319--320
[][][][][][][][][] 
 []


Overfull \hbox (375.00732pt too wide) in paragraph at lines 320--321
[][][][][][] 
 []


Overfull \hbox (573.00934pt too wide) in paragraph at lines 325--326
[][][][][][][][][][][][][][][][][][][][] 
 []


Overfull \hbox (399.00757pt too wide) in paragraph at lines 330--331
[][][][][][] 
 []

[10]
Overfull \hbox (519.00879pt too wide) in paragraph at lines 368--369
[][][][][][] 
 []


Overfull \hbox (825.0119pt too wide) in paragraph at lines 369--370
[][][][][][][][][][][][][][][][][][][][][][] 
 []


Overfull \hbox (837.01202pt too wide) in paragraph at lines 370--371
[][][][][][][][][][][][][][][][][][][][][][][][] 
 []


Overfull \hbox (789.01154pt too wide) in paragraph at lines 371--372
[][][][][][][][][][][][][][][][][][][][][][][][] 
 []


Overfull \hbox (813.01178pt too wide) in paragraph at lines 372--373
[][][][][][][][][][][][][][][][][][][][][][][] 
 []


Overfull \hbox (675.01038pt too wide) in paragraph at lines 373--374
[][][][][][][][][][] 
 []


Overfull \hbox (723.01086pt too wide) in paragraph at lines 374--375
[][][][][][][][][][][][][][][][][][] 
 []


Overfull \hbox (687.0105pt too wide) in paragraph at lines 375--376
[][][][][][][][][][][][][][] 
 []


Overfull \hbox (681.01044pt too wide) in paragraph at lines 376--377
[][][][][][][][][][][][][][] 
 []


Overfull \hbox (681.01044pt too wide) in paragraph at lines 377--378
[][][][][][][][][][][][][][] 
 []


Underfull \hbox (badness 10000) in paragraph at lines 383--388

 []

[11]
Overfull \hbox (603.00964pt too wide) in paragraph at lines 400--401
[][][][][][][][][] 
 []


Overfull \hbox (597.00958pt too wide) in paragraph at lines 405--406
[][][][][][][] 
 []


Overfull \hbox (789.01154pt too wide) in paragraph at lines 410--411
[][][][][][][][][][][][][][][][][] 
 []


Overfull \hbox (555.00916pt too wide) in paragraph at lines 415--416
[][][][][][] 
 []


Overfull \hbox (741.01105pt too wide) in paragraph at lines 420--421
[][][][][][][][][][][][][][][][][][][] 
 []


Overfull \hbox (741.01105pt too wide) in paragraph at lines 421--422
[][][][][][][][][][][][][][][][][][][][][][] 
 []


Overfull \hbox (603.00964pt too wide) in paragraph at lines 422--423
[][][][][][][][] 
 []


Overfull \hbox (765.01129pt too wide) in paragraph at lines 423--424
[][][][][][][][][][][][][][][][][][][][][][] 
 []

[12]
Overfull \hbox (633.00995pt too wide) in paragraph at lines 431--432
[][][][][][][][][][][][] 
 []


Overfull \hbox (813.01178pt too wide) in paragraph at lines 437--438
[][][][][][][][][][][][][][][][][][][][][] 
 []


Overfull \hbox (711.01074pt too wide) in paragraph at lines 438--439
[][][][][][][][][][][][] 
 []


Overfull \hbox (579.0094pt too wide) in paragraph at lines 445--446
[][][][][][] 
 []


Overfull \hbox (771.01135pt too wide) in paragraph at lines 446--447
[][][][][][][][][][][][][][][][][][][] 
 []


Overfull \hbox (771.01135pt too wide) in paragraph at lines 447--448
[][][][][][][][][][][][][][][][][][][][][][] 
 []


Overfull \hbox (627.00989pt too wide) in paragraph at lines 448--449
[][][][][][][][] 
 []


Overfull \hbox (795.0116pt too wide) in paragraph at lines 449--450
[][][][][][][][][][][][][][][][][][][][][][] 
 []


Overfull \hbox (651.01013pt too wide) in paragraph at lines 458--459
[][][][][][][][][][][][] 
 []


Overfull \hbox (837.01202pt too wide) in paragraph at lines 462--463
[][][][][][][][][][][][][][][][][][][][][] 
 []


Overfull \hbox (1089.01459pt too wide) in paragraph at lines 463--464
[][][][][][][][][][][][][][][][][][][][][][][][] 
 []

[13]
Overfull \hbox (777.01141pt too wide) in paragraph at lines 470--471
[][][][][][] 
 []


Overfull \hbox (963.0133pt too wide) in paragraph at lines 471--472
[][][][][][][][][][][][][][][][][][][] 
 []


Overfull \hbox (963.0133pt too wide) in paragraph at lines 472--473
[][][][][][][][][][][][][][][][][][][][][][] 
 []


Overfull \hbox (825.0119pt too wide) in paragraph at lines 473--474
[][][][][][][][] 
 []


Overfull \hbox (987.01355pt too wide) in paragraph at lines 474--475
[][][][][][][][][][][][][][][][][][][][][][] 
 []


Overfull \hbox (849.01215pt too wide) in paragraph at lines 485--486
[][][][][][][][][][][][] 
 []


Overfull \hbox (825.0119pt too wide) in paragraph at lines 489--490
[][][][][][][][] 
 []


Overfull \hbox (807.01172pt too wide) in paragraph at lines 490--491
[][][][][][][][] 
 []


Overfull \hbox (1089.01459pt too wide) in paragraph at lines 501--502
[][][][][][][][][][][][][][][][][][][][][] 
 []


Overfull \hbox (1167.01538pt too wide) in paragraph at lines 502--503
[][][][][][][][][][][][][][][][] 
 []


Overfull \hbox (1149.0152pt too wide) in paragraph at lines 503--504
[][][][][][][][][][][][][][][][] 
 []


Overfull \hbox (1263.01636pt too wide) in paragraph at lines 504--505
[][][][][][][][][][][][][][][][][][][][] 
 []


Overfull \hbox (1179.0155pt too wide) in paragraph at lines 505--506
[][][][][][][][][][][][][][] 
 []

[14]
Overfull \hbox (1167.01538pt too wide) in paragraph at lines 506--507
[][][][][][][][][][][][][][][][] 
 []


Overfull \hbox (1221.01593pt too wide) in paragraph at lines 507--508
[][][][][][][][][][][][][][][][][][][][] 
 []


Overfull \hbox (1149.0152pt too wide) in paragraph at lines 508--509
[][][][][][][][][][][][][][][][][][] 
 []


Overfull \hbox (1131.01501pt too wide) in paragraph at lines 509--510
[][][][][][][][][][][][] 
 []


Overfull \hbox (981.01349pt too wide) in paragraph at lines 516--517
[][][][][][] 
 []


Overfull \hbox (1167.01538pt too wide) in paragraph at lines 524--525
[][][][][][][][][][][][][][][][][][][] 
 []


Overfull \hbox (1167.01538pt too wide) in paragraph at lines 525--526
[][][][][][][][][][][][][][][][][][][][][][] 
 []


Overfull \hbox (1029.01398pt too wide) in paragraph at lines 526--527
[][][][][][][][] 
 []


Overfull \hbox (1191.01563pt too wide) in paragraph at lines 527--528
[][][][][][][][][][][][][][][][][][][][][][] 
 []


Overfull \hbox (1125.01495pt too wide) in paragraph at lines 532--533
[][][][][][][][][][][][][][][] 
 []


Overfull \hbox (1005.01373pt too wide) in paragraph at lines 533--534
[][][][][][][][][][] 
 []


Overfull \hbox (15.00366pt too wide) in paragraph at lines 543--544
[][][][][] 
 []

[15]
Overfull \hbox (1071.0144pt too wide) in paragraph at lines 548--549
[][][][][][][][][][] 
 []


Overfull \hbox (1107.01477pt too wide) in paragraph at lines 549--551
[][][][][][][][] 
 []


Overfull \hbox (1353.01727pt too wide) in paragraph at lines 551--552
[][][][][][][][][][][][][][][][][][][][][] 
 []


Overfull \hbox (1377.01752pt too wide) in paragraph at lines 552--553
[][][][][][][][][][][][][][][][][][][] 
 []


Overfull \hbox (951.01318pt too wide) in paragraph at lines 553--555
[][][][] 
 []


Overfull \hbox (9.0036pt too wide) in paragraph at lines 576--577
[][][] 
 []

[16]
Overfull \hbox (15.00366pt too wide) in paragraph at lines 609--610
[][][][][] 
 []


Overfull \hbox (81.00433pt too wide) in paragraph at lines 617--618
[][][][][][][][][][][][][][][][][][][][][] 
 []


Overfull \hbox (9.0036pt too wide) in paragraph at lines 631--632
[][][] 
 []


Overfull \hbox (15.00366pt too wide) in paragraph at lines 639--640
[][][][][] 
 []

[17]
Overfull \hbox (87.0044pt too wide) in paragraph at lines 647--648
[][][][][][][][][][][][][][][][][][][][][] 
 []


Overfull \hbox (3.00354pt too wide) in paragraph at lines 650--652
[][][][][][][][][][][][][][][][][][][][] 
 []


Overfull \hbox (9.0036pt too wide) in paragraph at lines 661--662
[][][] 
 []


Overfull \hbox (15.00366pt too wide) in paragraph at lines 669--670
[][][][][] 
 []


Overfull \hbox (81.00433pt too wide) in paragraph at lines 677--678
[][][][][][][][][][][][][][][][][][][][][] 
 []

[18]
Overfull \hbox (9.0036pt too wide) in paragraph at lines 691--692
[][][] 
 []

[19]
Overfull \hbox (51.00403pt too wide) in paragraph at lines 736--737
[][][][][][][][][][][][][][][][][][][][][][][] 
 []

[20]
Overfull \hbox (195.0055pt too wide) in paragraph at lines 768--769
[][][][][][][][][][][][][][][][][][][] 
 []


Overfull \hbox (129.00482pt too wide) in paragraph at lines 769--770
[][][][][][][][][][][] 
 []


Overfull \hbox (279.00635pt too wide) in paragraph at lines 776--777
[][][][][][][][][][][][][][][][][][][][][] 
 []


Overfull \hbox (213.00568pt too wide) in paragraph at lines 777--778
[][][][][][][][][][][][][][][][][][][][][][] 
 []


Overfull \hbox (75.00427pt too wide) in paragraph at lines 778--779
[][][][][][][][][][] 
 []


Overfull \hbox (237.00592pt too wide) in paragraph at lines 779--780
[][][][][][][][][][][][][][][][][][][][][][] 
 []


Overfull \hbox (273.00629pt too wide) in paragraph at lines 784--785
[][][][][][][][][][][][][][][][][][][][] 
 []


Overfull \hbox (249.00604pt too wide) in paragraph at lines 794--795
[][][][][][][][][][][][][][][] 
 []


Overfull \hbox (111.00464pt too wide) in paragraph at lines 795--796
[][][][][][][][][][] 
 []


Overfull \hbox (213.00568pt too wide) in paragraph at lines 796--797
[][][][][][][][][][][][][] 
 []


Overfull \hbox (249.00604pt too wide) in paragraph at lines 797--798
[][][][][][][][][][][][][][][][][] 
 []


Overfull \hbox (165.00519pt too wide) in paragraph at lines 798--799
[][][][][][][][][][][] 
 []


Overfull \hbox (15.00366pt too wide) in paragraph at lines 803--804
[][][][][] 
 []

[21]
Overfull \hbox (117.0047pt too wide) in paragraph at lines 808--809
[][][][][][][][][][] 
 []


Overfull \hbox (171.00525pt too wide) in paragraph at lines 809--811
[][][][][][][][] 
 []


Overfull \hbox (447.00806pt too wide) in paragraph at lines 811--812
[][][][][][][][][][][][][][][][][][][][][] 
 []


Overfull \hbox (27.00378pt too wide) in paragraph at lines 814--816
[][][][][][][][][][][][][][][][][][][][] 
 []


Overfull \hbox (9.0036pt too wide) in paragraph at lines 846--847
[][][] 
 []

[22]
Overfull \hbox (51.00403pt too wide) in paragraph at lines 886--887
[][][][][][][][][][][][][][][] 
 []

[23]
Overfull \hbox (39.0039pt too wide) in paragraph at lines 919--920
[][][][][][][][][][][][][] 
 []

[24] [25]
Overfull \hbox (105.00458pt too wide) in paragraph at lines 970--971
[][][][][][][][][][][][][][][][][][] 
 []


Overfull \hbox (27.00378pt too wide) in paragraph at lines 975--976
[][][][][][][][][][][][] 
 []


Overfull \hbox (57.00409pt too wide) in paragraph at lines 976--977
[][][][][][][][][][][][][][][][] 
 []


Overfull \hbox (39.0039pt too wide) in paragraph at lines 998--999
[][][][][][][][][][][]
 []

[26]
Overfull \hbox (153.00507pt too wide) in paragraph at lines 1004--1005
[][][][][][][][][][][][][][][][][] 
 []


Overfull \hbox (183.00537pt too wide) in paragraph at lines 1021--1022
[][][][][][][][][][][][][][][][][][] 
 []


Overfull \hbox (57.00409pt too wide) in paragraph at lines 1022--1023
[][][][][][][][][][][][][] 
 []


Overfull \hbox (111.00464pt too wide) in paragraph at lines 1023--1024
[][][][][][][][][][][][][][][][][] 
 []

[27]
Overfull \hbox (9.0036pt too wide) in paragraph at lines 1042--1043
[][][][][][][][][][][] 
 []


Overfull \hbox (27.00378pt too wide) in paragraph at lines 1043--1044
[][][][][][][][][][] 
 []


Overfull \hbox (39.0039pt too wide) in paragraph at lines 1049--1050
[][][][][][][][][][] 
 []


Overfull \hbox (39.0039pt too wide) in paragraph at lines 1050--1051
[][][][][][][][][][] 
 []


Overfull \hbox (33.00385pt too wide) in paragraph at lines 1051--1052
[][][][][][] 
 []


Overfull \hbox (33.00385pt too wide) in paragraph at lines 1052--1053
[][][][][][] 
 []


Overfull \hbox (33.00385pt too wide) in paragraph at lines 1053--1055
[][][][][][][][] 
 []


Overfull \hbox (21.00372pt too wide) in paragraph at lines 1055--1056
[][][][][][][][] 
 []


Overfull \hbox (45.00397pt too wide) in paragraph at lines 1056--1057
[][][][][][][][][][] 
 []


Overfull \hbox (195.0055pt too wide) in paragraph at lines 1057--1058
[][][][][][][][][][][][][][][] 
 []


Overfull \hbox (45.00397pt too wide) in paragraph at lines 1058--1059
[][][][][][][][][][] 
 []


Overfull \hbox (57.00409pt too wide) in paragraph at lines 1071--1072
[][][][][][] 
 []

[28]
Overfull \hbox (2.30502pt too wide) in paragraph at lines 1082--1086
\OT1/cmr/m/n/10 Once it re-boots you should see that the NFS share has been suc
-cess-fully mounted,
 []

[29]
Overfull \hbox (9.0036pt too wide) in paragraph at lines 1114--1115
[][][][][][][][][][][][] 
 []


Overfull \hbox (267.00623pt too wide) in paragraph at lines 1115--1116
[][][][][][][][][][][][][][][][][][][][] 
 []


Overfull \hbox (165.00519pt too wide) in paragraph at lines 1116--1117
[][][][][][][][][][][][][][][] 
 []


Overfull \hbox (57.00409pt too wide) in paragraph at lines 1117--1118
[][][][][][][][][][][][][][] 
 []


Overfull \hbox (297.00653pt too wide) in paragraph at lines 1119--1120
[][][][][][][][][][][][][][][][][][][][][][][][] 
 []


Overfull \hbox (135.00488pt too wide) in paragraph at lines 1128--1129
[][][][][][][][][][][][][] 
 []


Overfull \hbox (147.005pt too wide) in paragraph at lines 1136--1137
[][][][][][][][][][][][][][][] 
 []


Overfull \hbox (21.00372pt too wide) in paragraph at lines 1147--1148
[][][][][][][][] 
 []


Overfull \hbox (3.00354pt too wide) in paragraph at lines 1148--1149
[][][][][][][][] 
 []

[30]
Underfull \hbox (badness 3375) in paragraph at lines 1158--1158
[][]\OT1/cmr/m/n/8 If you ex-pe-ri-ence is-sues with this, sub-sti-tute \OT1/cm
r/m/it/8 mpirun \OT1/cmr/m/n/8 with \OT1/cmr/m/it/8 /share/app-s/open-
 []


Underfull \hbox (badness 3492) in paragraph at lines 1158--1158
\OT1/cmr/m/it/8 mpi/1.10.2/gcc/4.8.5/bin/mpirun \OT1/cmr/m/n/8 and \OT1/cmr/m/i
t/8 ma-chine-file \OT1/cmr/m/n/8 with \OT1/cmr/m/it/8 /share/app-s/piex-am-ple/
nover-
 []


Overfull \hbox (249.00604pt too wide) in paragraph at lines 1160--1161
[][][][][][][][][][][][][][][][][][][][][][] 
 []


Overfull \hbox (303.00659pt too wide) in paragraph at lines 1161--1162
[][][][][][][][][][][][] 
 []

[31]
Overfull \hbox (27.00378pt too wide) in paragraph at lines 1195--1196
[][][][][][] 
 []


Overfull \hbox (381.00739pt too wide) in paragraph at lines 1196--1197
[][][][][][][][][][][][][][][][][][][][][][][][] 
 []


Overfull \hbox (345.00702pt too wide) in paragraph at lines 1197--1198
[][][][][][][][][][][][][][][][][][][][][][][][] 
 []


Overfull \hbox (153.00507pt too wide) in paragraph at lines 1198--1199
[][][][][][][][][][][][][][] 
 []


Overfull \hbox (153.00507pt too wide) in paragraph at lines 1199--1200
[][][][][][][][][][][][][][] 
 []


Overfull \hbox (123.00476pt too wide) in paragraph at lines 1203--1204
[][][][][][][][][] 
 []


Overfull \hbox (39.0039pt too wide) in paragraph at lines 1213--1214
[][][][][][] 
 []


Overfull \hbox (417.00775pt too wide) in paragraph at lines 1218--1219
[][][][][][][][][][][][][][][][][][][][][][][] 
 []


Overfull \hbox (435.00793pt too wide) in paragraph at lines 1219--1220
[][][][][][][][][][][][][][][][][][][][][][][][] 
 []


Overfull \hbox (453.00812pt too wide) in paragraph at lines 1223--1224
[][][][][][][][][][][][][][][][][][][][][] 
 []


Overfull \hbox (459.00818pt too wide) in paragraph at lines 1228--1229
[][][][][][][][][][][][][][][][][][][][][][][][] 
 []

[32]
Overfull \hbox (45.00397pt too wide) in paragraph at lines 1236--1237
[][][][][][][][] 
 []


Overfull \hbox (75.00427pt too wide) in paragraph at lines 1237--1238
[][][][][][][][][] 
 []


Overfull \hbox (201.00555pt too wide) in paragraph at lines 1243--1244
[][][][][][][][][][][][][][] 
 []


Overfull \hbox (201.00555pt too wide) in paragraph at lines 1244--1245
[][][][][][][][][][][][][][] 
 []


Overfull \hbox (75.00427pt too wide) in paragraph at lines 1245--1246
[][][][][][][][][][] 
 []


Overfull \hbox (39.0039pt too wide) in paragraph at lines 1249--1250
[][][][][][]
 []


Overfull \hbox (63.00415pt too wide) in paragraph at lines 1253--1254
[][][][][][]
 []


Overfull \hbox (63.00415pt too wide) in paragraph at lines 1254--1255
[][][][][][]
 []


Overfull \hbox (63.00415pt too wide) in paragraph at lines 1255--1256
[][][][][][]
 []


Overfull \hbox (81.00433pt too wide) in paragraph at lines 1268--1269
[][][][][][][][][][][][][][][][][][][][][][] 
 []


Overfull \hbox (87.0044pt too wide) in paragraph at lines 1274--1275
[][][][][][][][][][][][][][][][][][][][][][][] 
 []


Overfull \hbox (45.00397pt too wide) in paragraph at lines 1276--1277
[][][][][][][][][][][][][][][][][][][][][][][][][][] 
 []

[33]
Overfull \hbox (111.00464pt too wide) in paragraph at lines 1280--1281
[][][][][][][][][][][][][][][][][][][][][][][] 
 []


Overfull \hbox (45.00397pt too wide) in paragraph at lines 1298--1299
[][][][][][][][][][][][][][][][][][][][][][][] 
 []


Overfull \hbox (63.00415pt too wide) in paragraph at lines 1299--1300
[][][][][][][][][][][][][][][][][][][][][][][][] 
 []


Overfull \hbox (111.00464pt too wide) in paragraph at lines 1300--1301
[][][][][][][][][][][][][][][][][][][][][][][][][][][][][] 
 []


Overfull \hbox (105.00458pt too wide) in paragraph at lines 1301--1302
[][][][][][][][][][][][][][][][][][][][][][][][][][][] 
 []

[34]
Overfull \hbox (15.00366pt too wide) in paragraph at lines 1323--1324
[][][][][][][][][][][][][][][] 
 []


Overfull \hbox (21.00372pt too wide) in paragraph at lines 1330--1331
[][][][][][][][][][][][][][][][][][][][] 
 []

LaTeX Font Info:    Try loading font information for OML+cmr on input line 1338
.
(/usr/local/texlive/2015/texmf-dist/tex/latex/base/omlcmr.fd
File: omlcmr.fd 2014/09/29 v2.5h Standard LaTeX font definitions
)
LaTeX Font Info:    Font shape `OML/cmr/m/n' in size <10> not available
(Font)              Font shape `OML/cmm/m/it' tried instead on input line 1338.


Overfull \hbox (21.00372pt too wide) in paragraph at lines 1344--1345
[][][][][][][][][][][][][][][][][][][][][][] 
 []


Overfull \hbox (3.00354pt too wide) in paragraph at lines 1349--1350
[][][][][][][][][][][][][][][][][][][][] 
 []


Overfull \hbox (3.00354pt too wide) in paragraph at lines 1350--1351
[][][][][][][][][][][][][][][][][][][][][][] 
 []

[35] [36]
Overfull \hbox (81.00433pt too wide) in paragraph at lines 1408--1409
[][][][][][][][][][][][][][][][][][][][][][][][][][] 
 []


Overfull \hbox (3.00354pt too wide) in paragraph at lines 1421--1422
[][][][][][][][][][][][][][][][][] 
 []


Overfull \hbox (159.00513pt too wide) in paragraph at lines 1422--1423
[][][][][][][][][][][][][][][][] 
 []


Overfull \hbox (195.0055pt too wide) in paragraph at lines 1423--1424
[][][][][][][][][][][][][][][][][][][][][] 
 []


Overfull \hbox (177.00531pt too wide) in paragraph at lines 1427--1428
[][][][][][][][][][][][][][][][][][][][][] 
 []


Overfull \hbox (15.00366pt too wide) in paragraph at lines 1428--1429
[][][][][][][][] 
 []


Overfull \hbox (219.00574pt too wide) in paragraph at lines 1429--1430
[][][][][][][][][][][][][][][][][][][][][][] 
 []


Overfull \hbox (39.0039pt too wide) in paragraph at lines 1430--1431
[][][][][][][][] 
 []

[37]
Overfull \hbox (153.00507pt too wide) in paragraph at lines 1449--1450
[][][][][][][][][][][][][][][][] 
 []


Overfull \hbox (45.00397pt too wide) in paragraph at lines 1450--1451
[][][][][][][][][][] 
 []


Overfull \hbox (261.00616pt too wide) in paragraph at lines 1451--1452
[][][][][][][][][][][][][][][][][] 
 []


Overfull \hbox (39.0039pt too wide) in paragraph at lines 1455--1456
[][][][][] 
 []


Overfull \hbox (21.00372pt too wide) in paragraph at lines 1461--1462
[][][][][][][][][][][][] 
 []


Overfull \hbox (93.00446pt too wide) in paragraph at lines 1462--1464
[][][][][][][][] 
 []


Overfull \hbox (381.00739pt too wide) in paragraph at lines 1464--1465
[][][][][][][][][][][][][][][][][][][][][][] 
 []


Overfull \hbox (15.00366pt too wide) in paragraph at lines 1467--1469
[][][][][][][][][][][][][][][][][][][][] 
 []

[38]
Overfull \hbox (51.00403pt too wide) in paragraph at lines 1498--1499
[][][][][][][][][][][][][][][][] 
 []


Overfull \hbox (3.00354pt too wide) in paragraph at lines 1504--1505
[][][][][][][][][][][][][] 
 []


Overfull \hbox (93.00446pt too wide) in paragraph at lines 1507--1508
[][][][][][][][][][][][][][][] 
 []


Overfull \hbox (57.00409pt too wide) in paragraph at lines 1516--1517
[][][][][][][][][][][][][][][][][][][][][][] 
 []

[39] [40]
Overfull \hbox (101.21642pt too wide) in paragraph at lines 1554--1555
[]\OT1/cmr/m/n/10 GNU MP 6.1.0. (n.d.). Re-trieved Febru-ary 04, 2016, from htt
ps://gmplib.org/manual/index.html 
 []


Overfull \hbox (67.0496pt too wide) in paragraph at lines 1555--1556
[]\OT1/cmr/m/n/10 GNU MPFR 3.1.3. (n.d.). Re-trieved Febru-ary 04, 2016, from h
ttp://www.mpfr.org/mpfr-
 []


Overfull \hbox (48.85268pt too wide) in paragraph at lines 1556--1557
\OT1/cmr/m/n/10 Con-fig-u-ra-tion. Re-trieved Febru-ary 04, 2016, from http://w
ww.cyberciti.biz/faq/how-
 []


Overfull \hbox (15.60262pt too wide) in paragraph at lines 1557--1558
\OT1/cmr/m/n/10 chines. Re-trieved Febru-ary 04, 2016, from http://sgowtham.com
/journal/hpl-
 []

Missing character: There is no â in font cmr10!
Missing character: There is no € in font cmr10!
Missing character: There is no “ in font cmr10!

Overfull \hbox (34.22656pt too wide) in paragraph at lines 1558--1559
\OT1/cmr/m/n/10 GCC 4.1.2. Re-trieved Febru-ary 04, 2016, from http://sgowtham.
com/journal/hpl-
 []


Overfull \hbox (41.4915pt too wide) in paragraph at lines 1561--1563
\OT1/cmr/m/n/10 ter. Re-trieved Febru-ary 4, 2016, from http://coen.boisestate.
edu/ece/files/2013/05-
 []


Overfull \hbox (53.16756pt too wide) in paragraph at lines 1563--1564
\OT1/cmr/m/n/10 trieved Febru-ary 04, 2016, from http://westcoastlabs.blogspot.
co.uk/2012/06/parallel-
 []


Overfull \hbox (76.0935pt too wide) in paragraph at lines 1565--1567
[]\OT1/cmr/m/n/10 Network con-fig-u-ra-tion. (n.d.). Re-trieved Febru-ary 04, 2
016, from https://wiki.archlinux.org
 []


Overfull \hbox (19.3342pt too wide) in paragraph at lines 1569--1570
\OT1/cmr/m/n/10 trieved Febru-ary 04, 2016, from http://openwall.info/wiki/john
/parallelization 
 []

[41]
Overfull \hbox (100.11021pt too wide) in paragraph at lines 1570--1572
[]\OT1/cmr/m/n/10 RPi Dis-tri-bu-tions. (n.d.). Re-trieved Febru-ary 04, 2016, 
from http://elinux.org/RPi[]Distributions 
 []


Overfull \hbox (23.02853pt too wide) in paragraph at lines 1572--1573
\OT1/cmr/m/n/10 Febru-ary 4, 2016, from https://www.raspberrypi.org/help/what-i
s-a-raspberry-
 []


Overfull \hbox (5.30635pt too wide) in paragraph at lines 1574--1575
\OT1/cmr/m/n/10 Febru-ary 04, 2016, from http://basho.com/posts/technical/build
ing-a-riak-
 []


Overfull \hbox (81.7565pt too wide) in paragraph at lines 1575--1576
\OT1/cmr/m/n/10 trieved Febru-ary 4, 2016, from http://modules.sourceforge.net/
docs/MC2[]whitney[]paper.pdf 
 []

[42] (./cluster.aux) ) 
Here is how much of TeX's memory you used:
 2832 strings out of 493089
 38806 string characters out of 6134842
 156021 words of memory out of 5000000
 6349 multiletter control sequences out of 15000+600000
 8952 words of font info for 31 fonts, out of 8000000 for 9000
 1141 hyphenation exceptions out of 8191
 32i,8n,51p,817b,1401s stack positions out of 5000i,500n,10000p,200000b,80000s
</usr/local/texlive/2015/texmf-dist/fonts/type1/public/am
sfonts/cm/cmbx10.pfb></usr/local/texlive/2015/texmf-dist/fonts/type1/public/ams
fonts/cm/cmbx12.pfb></usr/local/texlive/2015/texmf-dist/fonts/type1/public/amsf
onts/cm/cmbxti10.pfb></usr/local/texlive/2015/texmf-dist/fonts/type1/public/ams
fonts/cm/cmmi10.pfb></usr/local/texlive/2015/texmf-dist/fonts/type1/public/amsf
onts/cm/cmr10.pfb></usr/local/texlive/2015/texmf-dist/fonts/type1/public/amsfon
ts/cm/cmr12.pfb></usr/local/texlive/2015/texmf-dist/fonts/type1/public/amsfonts
/cm/cmr17.pfb></usr/local/texlive/2015/texmf-dist/fonts/type1/public/amsfonts/c
m/cmr6.pfb></usr/local/texlive/2015/texmf-dist/fonts/type1/public/amsfonts/cm/c
mr7.pfb></usr/local/texlive/2015/texmf-dist/fonts/type1/public/amsfonts/cm/cmr8
.pfb></usr/local/texlive/2015/texmf-dist/fonts/type1/public/amsfonts/cm/cmsy10.
pfb></usr/local/texlive/2015/texmf-dist/fonts/type1/public/amsfonts/cm/cmsy8.pf
b></usr/local/texlive/2015/texmf-dist/fonts/type1/public/amsfonts/cm/cmti10.pfb
></usr/local/texlive/2015/texmf-dist/fonts/type1/public/amsfonts/cm/cmti8.pfb>
Output written on cluster.pdf (42 pages, 301495 bytes).
PDF statistics:
 197 PDF objects out of 1000 (max. 8388607)
 137 compressed objects within 2 object streams
 0 named destinations out of 1000 (max. 500000)
 1 words of extra memory for PDF output out of 10000 (max. 10000000)

